<?xml version="1.0" encoding="UTF-8" ?>
<testsuite failures="0" time="0.735" errors="0" skipped="0" tests="1" name="com.fhoster.test.client.SandboxJukitoTest">
  <properties>
    <property name="java.runtime.name" value="Java(TM) SE Runtime Environment"/>
    <property name="sun.boot.library.path" value="C:\Program Files\Java\jre6\bin"/>
    <property name="java.vm.version" value="14.0-b16"/>
    <property name="java.vm.vendor" value="Sun Microsystems Inc."/>
    <property name="java.vendor.url" value="http://java.sun.com/"/>
    <property name="path.separator" value=";"/>
    <property name="java.vm.name" value="Java HotSpot(TM) 64-Bit Server VM"/>
    <property name="file.encoding.pkg" value="sun.io"/>
    <property name="user.country" value="IT"/>
    <property name="sun.java.launcher" value="SUN_STANDARD"/>
    <property name="sun.os.patch.level" value="Service Pack 1"/>
    <property name="java.vm.specification.name" value="Java Virtual Machine Specification"/>
    <property name="user.dir" value="C:\Users\brangelo\workspace\testGWT"/>
    <property name="java.runtime.version" value="1.6.0_14-b08"/>
    <property name="java.awt.graphicsenv" value="sun.awt.Win32GraphicsEnvironment"/>
    <property name="basedir" value="C:\Users\brangelo\workspace\testGWT"/>
    <property name="java.endorsed.dirs" value="C:\Program Files\Java\jre6\lib\endorsed"/>
    <property name="os.arch" value="amd64"/>
    <property name="surefire.real.class.path" value="C:\Users\brangelo\AppData\Local\Temp\surefirebooter4505404397937257024.jar"/>
    <property name="java.io.tmpdir" value="C:\Users\brangelo\AppData\Local\Temp\"/>
    <property name="line.separator" value="
"/>
    <property name="java.vm.specification.vendor" value="Sun Microsystems Inc."/>
    <property name="user.variant" value=""/>
    <property name="os.name" value="Windows 7"/>
    <property name="sun.jnu.encoding" value="Cp1252"/>
    <property name="java.library.path" value="C:\Program Files\Java\jre6\bin;.;C:\Windows\Sun\Java\bin;C:\Windows\system32;C:\Windows;C:\Program Files\Common Files\Microsoft Shared\Windows Live;C:\Program Files (x86)\Common Files\Microsoft Shared\Windows Live;C:\Windows\system32;C:\Windows;C:\Windows\System32\Wbem;C:\Windows\System32\WindowsPowerShell\v1.0\;C:\Program Files (x86)\ATI Technologies\ATI.ACE\Core-Static;C:\Program Files\Broadcom\Broadcom 802.11\Driver;C:\Program Files (x86)\Windows Live\Shared;%M2%;C:\Program Files\Java\jdk1.7.0_17\bin;C:\Program Files\TortoiseSVN\bin;C:\apache-ant-1.9.0\bin;C:\Program Files\MySQL\MySQL Server 5.5\bin;C:\Program Files (x86)\MySQL\MySQL Server 5.5\bin;C:\apache-maven-2.2.1\bin;C:\Program Files\Java\jdk1.7.0_17\bin;C:\apache-ant-1.9.0\bin"/>
    <property name="surefire.test.class.path" value="C:\Users\brangelo\workspace\testGWT\target\test-classes;C:\Users\brangelo\workspace\testGWT\target\testGWT-1.0-SNAPSHOT\WEB-INF\classes;C:\Users\brangelo\.m2\repository\com\google\gwt\gwt-user\2.5.1\gwt-user-2.5.1.jar;C:\Users\brangelo\.m2\repository\javax\validation\validation-api\1.0.0.GA\validation-api-1.0.0.GA.jar;C:\Users\brangelo\.m2\repository\javax\validation\validation-api\1.0.0.GA\validation-api-1.0.0.GA-sources.jar;C:\Users\brangelo\.m2\repository\org\json\json\20090211\json-20090211.jar;C:\Users\brangelo\.m2\repository\com\gwtplatform\gwtp-mvp-client\1.0-RC-3\gwtp-mvp-client-1.0-RC-3.jar;C:\Users\brangelo\.m2\repository\com\gwtplatform\gwtp-clients-common\1.0-RC-3\gwtp-clients-common-1.0-RC-3.jar;C:\Users\brangelo\.m2\repository\org\apache\velocity\velocity\1.7\velocity-1.7.jar;C:\Users\brangelo\.m2\repository\commons-collections\commons-collections\3.2.1\commons-collections-3.2.1.jar;C:\Users\brangelo\.m2\repository\commons-lang\commons-lang\2.4\commons-lang-2.4.jar;C:\Users\brangelo\.m2\repository\com\gwtplatform\gwtp-dispatch-client\1.0-RC-3\gwtp-dispatch-client-1.0-RC-3.jar;C:\Users\brangelo\.m2\repository\com\gwtplatform\gwtp-dispatch-server-guice\1.0-RC-3\gwtp-dispatch-server-guice-1.0-RC-3.jar;C:\Users\brangelo\.m2\repository\com\gwtplatform\gwtp-dispatch-server\1.0-RC-3\gwtp-dispatch-server-1.0-RC-3.jar;C:\Users\brangelo\.m2\repository\com\gwtplatform\gwtp-dispatch-shared\1.0-RC-3\gwtp-dispatch-shared-1.0-RC-3.jar;C:\Users\brangelo\.m2\repository\com\google\inject\guice\3.0\guice-3.0.jar;C:\Users\brangelo\.m2\repository\com\google\inject\extensions\guice-servlet\3.0\guice-servlet-3.0.jar;C:\Users\brangelo\.m2\repository\com\google\inject\extensions\guice-assistedinject\3.0\guice-assistedinject-3.0.jar;C:\Users\brangelo\.m2\repository\com\google\gwt\inject\gin\2.0.0\gin-2.0.0.jar;C:\Users\brangelo\.m2\repository\com\fhoster\livetable\0.12-SNAPSHOT\livetable-0.12-SNAPSHOT.jar;C:\Users\brangelo\.m2\repository\com\thapar\simpledatepicker\0.1\simpledatepicker-0.1.jar;C:\Users\brangelo\.m2\repository\net\sourceforge\jexcelapi\jxl\2.6.10\jxl-2.6.10.jar;C:\Users\brangelo\.m2\repository\log4j\log4j\1.2.16\log4j-1.2.16.jar;C:\Users\brangelo\.m2\repository\net\sourceforge\javacsv\javacsv\2.0\javacsv-2.0.jar;C:\Users\brangelo\.m2\repository\com\fhoster\jem\jem\1.8-SNAPSHOT\jem-1.8-SNAPSHOT.jar;C:\Users\brangelo\.m2\repository\com\fhoster\expressionParser\expressionParser\0.10-SNAPSHOT\expressionParser-0.10-SNAPSHOT.jar;C:\Users\brangelo\.m2\repository\com\fhoster\obfuscator\1.8-SNAPSHOT\obfuscator-1.8-SNAPSHOT.jar;C:\Users\brangelo\.m2\repository\net\sf\proguard\proguard\4.8\proguard-4.8.jar;C:\Users\brangelo\.m2\repository\org\antlr\antlr\3.1.3\antlr-3.1.3.jar;C:\Users\brangelo\.m2\repository\com\fhoster\jem\jem\1.8-SNAPSHOT\jem-1.8-SNAPSHOT-sources.jar;C:\Users\brangelo\.m2\repository\com\fhoster\gwtx\0.11-SNAPSHOT\gwtx-0.11-SNAPSHOT.jar;C:\Users\brangelo\.m2\repository\com\google\gin\1.5\gin-1.5-post-gwt-2_2.jar;C:\Users\brangelo\.m2\repository\com\google\inject\guice-assistedinject\3.0\guice-assistedinject-3.0.jar;C:\Users\brangelo\.m2\repository\com\google\gwt\gwt-incubator\20110310\gwt-incubator-20110310.jar;C:\Users\brangelo\.m2\repository\com\allen-sauer\gwt\log\gwt-log\3.1.6\gwt-log-3.1.6-js-deobfuscation-fix.jar;C:\Users\brangelo\.m2\repository\com\google\gwt\google-apis\gwt-visualization\1.1.1\gwt-visualization-1.1.1.jar;C:\Users\brangelo\.m2\repository\com\google\inject\extensions\javax\inject\guice-javax-inject\2.0.r1137\guice-javax-inject-2.0.r1137.jar;C:\Users\brangelo\.m2\repository\com\google\gwt\gwt-dev\2.4.0\gwt-dev-2.4.0.jar;C:\Users\brangelo\.m2\repository\com\fhoster\utils\0.13-SNAPSHOT\utils-0.13-SNAPSHOT.jar;C:\Users\brangelo\.m2\repository\javax\mail\mail\1.4\mail-1.4.jar;C:\Users\brangelo\.m2\repository\javax\activation\activation\1.1\activation-1.1.jar;C:\Users\brangelo\.m2\repository\org\easymock\easymock\2.4\easymock-2.4.jar;C:\Users\brangelo\.m2\repository\mysql\mysql-connector-java\5.1.17\mysql-connector-java-5.1.17.jar;C:\Users\brangelo\.m2\repository\org\apache\ant\ant\1.7.0\ant-1.7.0.jar;C:\Users\brangelo\.m2\repository\org\apache\ant\ant-launcher\1.7.0\ant-launcher-1.7.0.jar;C:\Users\brangelo\.m2\repository\org\dbunit\dbunit\2.4.8\dbunit-2.4.8.jar;C:\Users\brangelo\.m2\repository\org\databene\databene-benerator\0.7.7\databene-benerator-0.7.7.jar;C:\Users\brangelo\.m2\repository\org\databene\jdbacl\0.8.3\jdbacl-0.8.3.jar;C:\Users\brangelo\.m2\repository\org\databene\databene-script\0.7.7\databene-script-0.7.7.jar;C:\Users\brangelo\.m2\repository\org\databene\databene-webdecs\0.6.10\databene-webdecs-0.6.10.jar;C:\Users\brangelo\.m2\repository\org\apache\poi\poi\3.8\poi-3.8.jar;C:\Users\brangelo\.m2\repository\commons-codec\commons-codec\1.5\commons-codec-1.5.jar;C:\Users\brangelo\.m2\repository\org\databene\databene-commons\0.5.16\databene-commons-0.5.16.jar;C:\Users\brangelo\.m2\repository\xerces\xercesImpl\2.9.1\xercesImpl-2.9.1.jar;C:\Users\brangelo\.m2\repository\xml-apis\xml-apis\1.3.04\xml-apis-1.3.04.jar;C:\Users\brangelo\.m2\repository\org\databene\contiperf\2.2.0\contiperf-2.2.0.jar;C:\Users\brangelo\.m2\repository\org\antlr\antlr-runtime\3.3\antlr-runtime-3.3.jar;C:\Users\brangelo\.m2\repository\org\antlr\stringtemplate\3.2.1\stringtemplate-3.2.1.jar;C:\Users\brangelo\.m2\repository\antlr\antlr\2.7.7\antlr-2.7.7.jar;C:\Users\brangelo\.m2\repository\org\freemarker\freemarker\2.3.9\freemarker-2.3.9.jar;C:\Users\brangelo\.m2\repository\org\slf4j\slf4j-api\1.6.4\slf4j-api-1.6.4.jar;C:\Users\brangelo\.m2\repository\org\slf4j\slf4j-nop\1.6.4\slf4j-nop-1.6.4.jar;C:\Users\brangelo\.m2\repository\com\google\guava\guava\13.0.1\guava-13.0.1.jar;C:\Users\brangelo\.m2\repository\junit\junit\4.11\junit-4.11.jar;C:\Users\brangelo\.m2\repository\org\hamcrest\hamcrest-core\1.3\hamcrest-core-1.3.jar;C:\Users\brangelo\.m2\repository\org\jukito\jukito\1.1\jukito-1.1.jar;C:\Users\brangelo\.m2\repository\org\mockito\mockito-core\1.8.5\mockito-core-1.8.5.jar;C:\Users\brangelo\.m2\repository\org\objenesis\objenesis\1.0\objenesis-1.0.jar;C:\Users\brangelo\.m2\repository\javax\inject\javax.inject\1\javax.inject-1.jar;C:\Users\brangelo\.m2\repository\aopalliance\aopalliance\1.0\aopalliance-1.0.jar;C:\Users\brangelo\.m2\repository\com\googlecode\mgwt\mgwt\1.1.2\mgwt-1.1.2.jar;"/>
    <property name="java.specification.name" value="Java Platform API Specification"/>
    <property name="java.class.version" value="50.0"/>
    <property name="sun.management.compiler" value="HotSpot 64-Bit Server Compiler"/>
    <property name="os.version" value="6.1"/>
    <property name="user.home" value="C:\Users\brangelo"/>
    <property name="user.timezone" value=""/>
    <property name="java.awt.printerjob" value="sun.awt.windows.WPrinterJob"/>
    <property name="java.specification.version" value="1.6"/>
    <property name="file.encoding" value="Cp1252"/>
    <property name="user.name" value="brangelo"/>
    <property name="java.class.path" value="C:\Users\brangelo\workspace\testGWT\target\test-classes;C:\Users\brangelo\workspace\testGWT\target\testGWT-1.0-SNAPSHOT\WEB-INF\classes;C:\Users\brangelo\.m2\repository\com\google\gwt\gwt-user\2.5.1\gwt-user-2.5.1.jar;C:\Users\brangelo\.m2\repository\javax\validation\validation-api\1.0.0.GA\validation-api-1.0.0.GA.jar;C:\Users\brangelo\.m2\repository\javax\validation\validation-api\1.0.0.GA\validation-api-1.0.0.GA-sources.jar;C:\Users\brangelo\.m2\repository\org\json\json\20090211\json-20090211.jar;C:\Users\brangelo\.m2\repository\com\gwtplatform\gwtp-mvp-client\1.0-RC-3\gwtp-mvp-client-1.0-RC-3.jar;C:\Users\brangelo\.m2\repository\com\gwtplatform\gwtp-clients-common\1.0-RC-3\gwtp-clients-common-1.0-RC-3.jar;C:\Users\brangelo\.m2\repository\org\apache\velocity\velocity\1.7\velocity-1.7.jar;C:\Users\brangelo\.m2\repository\commons-collections\commons-collections\3.2.1\commons-collections-3.2.1.jar;C:\Users\brangelo\.m2\repository\commons-lang\commons-lang\2.4\commons-lang-2.4.jar;C:\Users\brangelo\.m2\repository\com\gwtplatform\gwtp-dispatch-client\1.0-RC-3\gwtp-dispatch-client-1.0-RC-3.jar;C:\Users\brangelo\.m2\repository\com\gwtplatform\gwtp-dispatch-server-guice\1.0-RC-3\gwtp-dispatch-server-guice-1.0-RC-3.jar;C:\Users\brangelo\.m2\repository\com\gwtplatform\gwtp-dispatch-server\1.0-RC-3\gwtp-dispatch-server-1.0-RC-3.jar;C:\Users\brangelo\.m2\repository\com\gwtplatform\gwtp-dispatch-shared\1.0-RC-3\gwtp-dispatch-shared-1.0-RC-3.jar;C:\Users\brangelo\.m2\repository\com\google\inject\guice\3.0\guice-3.0.jar;C:\Users\brangelo\.m2\repository\com\google\inject\extensions\guice-servlet\3.0\guice-servlet-3.0.jar;C:\Users\brangelo\.m2\repository\com\google\inject\extensions\guice-assistedinject\3.0\guice-assistedinject-3.0.jar;C:\Users\brangelo\.m2\repository\com\google\gwt\inject\gin\2.0.0\gin-2.0.0.jar;C:\Users\brangelo\.m2\repository\com\fhoster\livetable\0.12-SNAPSHOT\livetable-0.12-SNAPSHOT.jar;C:\Users\brangelo\.m2\repository\com\thapar\simpledatepicker\0.1\simpledatepicker-0.1.jar;C:\Users\brangelo\.m2\repository\net\sourceforge\jexcelapi\jxl\2.6.10\jxl-2.6.10.jar;C:\Users\brangelo\.m2\repository\log4j\log4j\1.2.16\log4j-1.2.16.jar;C:\Users\brangelo\.m2\repository\net\sourceforge\javacsv\javacsv\2.0\javacsv-2.0.jar;C:\Users\brangelo\.m2\repository\com\fhoster\jem\jem\1.8-SNAPSHOT\jem-1.8-SNAPSHOT.jar;C:\Users\brangelo\.m2\repository\com\fhoster\expressionParser\expressionParser\0.10-SNAPSHOT\expressionParser-0.10-SNAPSHOT.jar;C:\Users\brangelo\.m2\repository\com\fhoster\obfuscator\1.8-SNAPSHOT\obfuscator-1.8-SNAPSHOT.jar;C:\Users\brangelo\.m2\repository\net\sf\proguard\proguard\4.8\proguard-4.8.jar;C:\Users\brangelo\.m2\repository\org\antlr\antlr\3.1.3\antlr-3.1.3.jar;C:\Users\brangelo\.m2\repository\com\fhoster\jem\jem\1.8-SNAPSHOT\jem-1.8-SNAPSHOT-sources.jar;C:\Users\brangelo\.m2\repository\com\fhoster\gwtx\0.11-SNAPSHOT\gwtx-0.11-SNAPSHOT.jar;C:\Users\brangelo\.m2\repository\com\google\gin\1.5\gin-1.5-post-gwt-2_2.jar;C:\Users\brangelo\.m2\repository\com\google\inject\guice-assistedinject\3.0\guice-assistedinject-3.0.jar;C:\Users\brangelo\.m2\repository\com\google\gwt\gwt-incubator\20110310\gwt-incubator-20110310.jar;C:\Users\brangelo\.m2\repository\com\allen-sauer\gwt\log\gwt-log\3.1.6\gwt-log-3.1.6-js-deobfuscation-fix.jar;C:\Users\brangelo\.m2\repository\com\google\gwt\google-apis\gwt-visualization\1.1.1\gwt-visualization-1.1.1.jar;C:\Users\brangelo\.m2\repository\com\google\inject\extensions\javax\inject\guice-javax-inject\2.0.r1137\guice-javax-inject-2.0.r1137.jar;C:\Users\brangelo\.m2\repository\com\google\gwt\gwt-dev\2.4.0\gwt-dev-2.4.0.jar;C:\Users\brangelo\.m2\repository\com\fhoster\utils\0.13-SNAPSHOT\utils-0.13-SNAPSHOT.jar;C:\Users\brangelo\.m2\repository\javax\mail\mail\1.4\mail-1.4.jar;C:\Users\brangelo\.m2\repository\javax\activation\activation\1.1\activation-1.1.jar;C:\Users\brangelo\.m2\repository\org\easymock\easymock\2.4\easymock-2.4.jar;C:\Users\brangelo\.m2\repository\mysql\mysql-connector-java\5.1.17\mysql-connector-java-5.1.17.jar;C:\Users\brangelo\.m2\repository\org\apache\ant\ant\1.7.0\ant-1.7.0.jar;C:\Users\brangelo\.m2\repository\org\apache\ant\ant-launcher\1.7.0\ant-launcher-1.7.0.jar;C:\Users\brangelo\.m2\repository\org\dbunit\dbunit\2.4.8\dbunit-2.4.8.jar;C:\Users\brangelo\.m2\repository\org\databene\databene-benerator\0.7.7\databene-benerator-0.7.7.jar;C:\Users\brangelo\.m2\repository\org\databene\jdbacl\0.8.3\jdbacl-0.8.3.jar;C:\Users\brangelo\.m2\repository\org\databene\databene-script\0.7.7\databene-script-0.7.7.jar;C:\Users\brangelo\.m2\repository\org\databene\databene-webdecs\0.6.10\databene-webdecs-0.6.10.jar;C:\Users\brangelo\.m2\repository\org\apache\poi\poi\3.8\poi-3.8.jar;C:\Users\brangelo\.m2\repository\commons-codec\commons-codec\1.5\commons-codec-1.5.jar;C:\Users\brangelo\.m2\repository\org\databene\databene-commons\0.5.16\databene-commons-0.5.16.jar;C:\Users\brangelo\.m2\repository\xerces\xercesImpl\2.9.1\xercesImpl-2.9.1.jar;C:\Users\brangelo\.m2\repository\xml-apis\xml-apis\1.3.04\xml-apis-1.3.04.jar;C:\Users\brangelo\.m2\repository\org\databene\contiperf\2.2.0\contiperf-2.2.0.jar;C:\Users\brangelo\.m2\repository\org\antlr\antlr-runtime\3.3\antlr-runtime-3.3.jar;C:\Users\brangelo\.m2\repository\org\antlr\stringtemplate\3.2.1\stringtemplate-3.2.1.jar;C:\Users\brangelo\.m2\repository\antlr\antlr\2.7.7\antlr-2.7.7.jar;C:\Users\brangelo\.m2\repository\org\freemarker\freemarker\2.3.9\freemarker-2.3.9.jar;C:\Users\brangelo\.m2\repository\org\slf4j\slf4j-api\1.6.4\slf4j-api-1.6.4.jar;C:\Users\brangelo\.m2\repository\org\slf4j\slf4j-nop\1.6.4\slf4j-nop-1.6.4.jar;C:\Users\brangelo\.m2\repository\com\google\guava\guava\13.0.1\guava-13.0.1.jar;C:\Users\brangelo\.m2\repository\junit\junit\4.11\junit-4.11.jar;C:\Users\brangelo\.m2\repository\org\hamcrest\hamcrest-core\1.3\hamcrest-core-1.3.jar;C:\Users\brangelo\.m2\repository\org\jukito\jukito\1.1\jukito-1.1.jar;C:\Users\brangelo\.m2\repository\org\mockito\mockito-core\1.8.5\mockito-core-1.8.5.jar;C:\Users\brangelo\.m2\repository\org\objenesis\objenesis\1.0\objenesis-1.0.jar;C:\Users\brangelo\.m2\repository\javax\inject\javax.inject\1\javax.inject-1.jar;C:\Users\brangelo\.m2\repository\aopalliance\aopalliance\1.0\aopalliance-1.0.jar;C:\Users\brangelo\.m2\repository\com\googlecode\mgwt\mgwt\1.1.2\mgwt-1.1.2.jar;"/>
    <property name="java.vm.specification.version" value="1.0"/>
    <property name="sun.arch.data.model" value="64"/>
    <property name="java.home" value="C:\Program Files\Java\jre6"/>
    <property name="java.specification.vendor" value="Sun Microsystems Inc."/>
    <property name="user.language" value="it"/>
    <property name="awt.toolkit" value="sun.awt.windows.WToolkit"/>
    <property name="java.vm.info" value="mixed mode"/>
    <property name="java.version" value="1.6.0_14"/>
    <property name="java.ext.dirs" value="C:\Program Files\Java\jre6\lib\ext;C:\Windows\Sun\Java\lib\ext"/>
    <property name="sun.boot.class.path" value="C:\Program Files\Java\jre6\lib\resources.jar;C:\Program Files\Java\jre6\lib\rt.jar;C:\Program Files\Java\jre6\lib\sunrsasign.jar;C:\Program Files\Java\jre6\lib\jsse.jar;C:\Program Files\Java\jre6\lib\jce.jar;C:\Program Files\Java\jre6\lib\charsets.jar;C:\Program Files\Java\jre6\classes"/>
    <property name="java.vendor" value="Sun Microsystems Inc."/>
    <property name="localRepository" value="C:\Users\brangelo\.m2\repository"/>
    <property name="file.separator" value="\"/>
    <property name="java.vendor.url.bug" value="http://java.sun.com/cgi-bin/bugreport.cgi"/>
    <property name="sun.cpu.endian" value="little"/>
    <property name="sun.io.unicode.encoding" value="UnicodeLittle"/>
    <property name="sun.desktop" value="windows"/>
    <property name="sun.cpu.isalist" value="amd64"/>
  </properties>
  <testcase time="0.002" classname="com.fhoster.test.client.SandboxJukitoTest" name="testSandbox"/>
</testsuite>